Detecting C compiler ABI info failed to compile with the following output:
Change Dir: /Users/joshuayingwhat/diy-x86os-master/start/start/CMakeFiles/CMakeTmp

Run Build Command(s):/usr/bin/make -f Makefile cmTC_4164a/fast && /Applications/Xcode.app/Contents/Developer/usr/bin/make  -f CMakeFiles/cmTC_4164a.dir/build.make CMakeFiles/cmTC_4164a.dir/build
Building C object CMakeFiles/cmTC_4164a.dir/CMakeCCompilerABI.c.o
/usr/local/bin/x86_64-elf-gcc   -g -c -O0 -m32 -fno-pie -fno-stack-protector -fno-asynchronous-unwind-tables  -isysroot /Applications/Xcode.app/Contents/Developer/Platforms/MacOSX.platform/Developer/SDKs/MacOSX12.0.sdk   -v -Wl,-v -o CMakeFiles/cmTC_4164a.dir/CMakeCCompilerABI.c.o -c /Applications/CMake.app/Contents/share/cmake-3.20/Modules/CMakeCCompilerABI.c
Using built-in specs.
COLLECT_GCC=/usr/local/bin/x86_64-elf-gcc
Target: x86_64-elf
Configured with: ../configure --target=x86_64-elf --prefix=/usr/local/Cellar/x86_64-elf-gcc/13.1.0 --infodir=/usr/local/Cellar/x86_64-elf-gcc/13.1.0/share/info/x86_64-elf --disable-nls --without-isl --without-headers --with-as=/usr/local/opt/x86_64-elf-binutils/bin/x86_64-elf-as --with-ld=/usr/local/opt/x86_64-elf-binutils/bin/x86_64-elf-ld --enable-languages=c,c++
Thread model: single
Supported LTO compression algorithms: zlib
gcc version 13.1.0 (GCC) 
COLLECT_GCC_OPTIONS='-g' '-c' '-O0' '-m32' '-fno-pie' '-fno-stack-protector' '-fno-asynchronous-unwind-tables' '-isysroot' '/Applications/Xcode.app/Contents/Developer/Platforms/MacOSX.platform/Developer/SDKs/MacOSX12.0.sdk' '-v' '-o' 'CMakeFiles/cmTC_4164a.dir/CMakeCCompilerABI.c.o' '-c' '-mtune=generic' '-march=x86-64' '-dumpdir' 'CMakeFiles/cmTC_4164a.dir/'
 /usr/local/Cellar/x86_64-elf-gcc/13.1.0/libexec/gcc/x86_64-elf/13.1.0/cc1 -quiet -v -isysroot /Applications/Xcode.app/Contents/Developer/Platforms/MacOSX.platform/Developer/SDKs/MacOSX12.0.sdk /Applications/CMake.app/Contents/share/cmake-3.20/Modules/CMakeCCompilerABI.c -quiet -dumpdir CMakeFiles/cmTC_4164a.dir/ -dumpbase CMakeCCompilerABI.c.c -dumpbase-ext .c -m32 -mtune=generic -march=x86-64 -g -O0 -version -fno-pie -fno-stack-protector -fno-asynchronous-unwind-tables -o /var/folders/c7/46gqmc_91b156njj_zpcl4_c0000gn/T//cceLxncX.s
GNU C17 (GCC) version 13.1.0 (x86_64-elf)
	compiled by GNU C version Apple LLVM 14.0.0 (clang-1400.0.29.202), GMP version 6.2.1, MPFR version 4.2.0-p4, MPC version 1.3.1, isl version none
warning: MPFR header version 4.2.0-p4 differs from library version 4.2.0-p9.
GGC heuristics: --param ggc-min-expand=100 --param ggc-min-heapsize=131072
ignoring nonexistent directory "/usr/local/Cellar/x86_64-elf-gcc/13.1.0/lib/gcc/x86_64-elf/13.1.0/../../../../x86_64-elf/sys-include"
ignoring nonexistent directory "/usr/local/Cellar/x86_64-elf-gcc/13.1.0/lib/gcc/x86_64-elf/13.1.0/../../../../x86_64-elf/include"
#include "..." search starts here:
#include <...> search starts here:
 /usr/local/Cellar/x86_64-elf-gcc/13.1.0/lib/gcc/x86_64-elf/13.1.0/include
 /usr/local/Cellar/x86_64-elf-gcc/13.1.0/lib/gcc/x86_64-elf/13.1.0/include-fixed
End of search list.
Compiler executable checksum: 5b7e7f92a5b3a1bc53b8aa29024baa59
COLLECT_GCC_OPTIONS='-g' '-c' '-O0' '-m32' '-fno-pie' '-fno-stack-protector' '-fno-asynchronous-unwind-tables' '-isysroot' '/Applications/Xcode.app/Contents/Developer/Platforms/MacOSX.platform/Developer/SDKs/MacOSX12.0.sdk' '-v' '-o' 'CMakeFiles/cmTC_4164a.dir/CMakeCCompilerABI.c.o' '-c' '-mtune=generic' '-march=x86-64' '-dumpdir' 'CMakeFiles/cmTC_4164a.dir/'
 /usr/local/opt/x86_64-elf-binutils/bin/x86_64-elf-as -v --gdwarf-5 --32 -o CMakeFiles/cmTC_4164a.dir/CMakeCCompilerABI.c.o /var/folders/c7/46gqmc_91b156njj_zpcl4_c0000gn/T//cceLxncX.s
GNU assembler version 2.40 (x86_64-elf) using BFD version (GNU Binutils) 2.40
COMPILER_PATH=/usr/local/Cellar/x86_64-elf-gcc/13.1.0/libexec/gcc/x86_64-elf/13.1.0/:/usr/local/Cellar/x86_64-elf-gcc/13.1.0/libexec/gcc/x86_64-elf/13.1.0/:/usr/local/Cellar/x86_64-elf-gcc/13.1.0/libexec/gcc/x86_64-elf/:/usr/local/Cellar/x86_64-elf-gcc/13.1.0/lib/gcc/x86_64-elf/13.1.0/:/usr/local/Cellar/x86_64-elf-gcc/13.1.0/lib/gcc/x86_64-elf/
LIBRARY_PATH=/usr/local/Cellar/x86_64-elf-gcc/13.1.0/lib/gcc/x86_64-elf/13.1.0/
COLLECT_GCC_OPTIONS='-g' '-c' '-O0' '-m32' '-fno-pie' '-fno-stack-protector' '-fno-asynchronous-unwind-tables' '-isysroot' '/Applications/Xcode.app/Contents/Developer/Platforms/MacOSX.platform/Developer/SDKs/MacOSX12.0.sdk' '-v' '-o' 'CMakeFiles/cmTC_4164a.dir/CMakeCCompilerABI.c.o' '-c' '-mtune=generic' '-march=x86-64' '-dumpdir' 'CMakeFiles/cmTC_4164a.dir/CMakeCCompilerABI.c.'
Linking C executable cmTC_4164a
/Applications/CMake.app/Contents/bin/cmake -E cmake_link_script CMakeFiles/cmTC_4164a.dir/link.txt --verbose=1
/usr/local/bin/x86_64-elf-gcc -g -c -O0 -m32 -fno-pie -fno-stack-protector -fno-asynchronous-unwind-tables  -isysroot /Applications/Xcode.app/Contents/Developer/Platforms/MacOSX.platform/Developer/SDKs/MacOSX12.0.sdk -Wl,-search_paths_first -Wl,-headerpad_max_install_names -L/usr/local/opt/ruby/lib -v -Wl,-v CMakeFiles/cmTC_4164a.dir/CMakeCCompilerABI.c.o -o cmTC_4164a 
Using built-in specs.
COLLECT_GCC=/usr/local/bin/x86_64-elf-gcc
Target: x86_64-elf
Configured with: ../configure --target=x86_64-elf --prefix=/usr/local/Cellar/x86_64-elf-gcc/13.1.0 --infodir=/usr/local/Cellar/x86_64-elf-gcc/13.1.0/share/info/x86_64-elf --disable-nls --without-isl --without-headers --with-as=/usr/local/opt/x86_64-elf-binutils/bin/x86_64-elf-as --with-ld=/usr/local/opt/x86_64-elf-binutils/bin/x86_64-elf-ld --enable-languages=c,c++
Thread model: single
Supported LTO compression algorithms: zlib
gcc version 13.1.0 (GCC) 
COMPILER_PATH=/usr/local/Cellar/x86_64-elf-gcc/13.1.0/libexec/gcc/x86_64-elf/13.1.0/:/usr/local/Cellar/x86_64-elf-gcc/13.1.0/libexec/gcc/x86_64-elf/13.1.0/:/usr/local/Cellar/x86_64-elf-gcc/13.1.0/libexec/gcc/x86_64-elf/:/usr/local/Cellar/x86_64-elf-gcc/13.1.0/lib/gcc/x86_64-elf/13.1.0/:/usr/local/Cellar/x86_64-elf-gcc/13.1.0/lib/gcc/x86_64-elf/
LIBRARY_PATH=/usr/local/Cellar/x86_64-elf-gcc/13.1.0/lib/gcc/x86_64-elf/13.1.0/
COLLECT_GCC_OPTIONS='-g' '-c' '-O0' '-m32' '-fno-pie' '-fno-stack-protector' '-fno-asynchronous-unwind-tables' '-isysroot' '/Applications/Xcode.app/Contents/Developer/Platforms/MacOSX.platform/Developer/SDKs/MacOSX12.0.sdk' '-L/usr/local/opt/ruby/lib' '-v' '-o' 'cmTC_4164a' '-mtune=generic' '-march=x86-64' '-dumpdir' 'cmTC_4164a.'
x86_64-elf-gcc: warning: CMakeFiles/cmTC_4164a.dir/CMakeCCompilerABI.c.o: linker input file unused because linking not done


Cannot copy output executable
  ''
to destination specified by COPY_FILE:
  '/Users/joshuayingwhat/diy-x86os-master/start/start/CMakeFiles/3.20.0/CMakeDetermineCompilerABI_C.bin'
Unable to find the executable at any of:
  /Users/joshuayingwhat/diy-x86os-master/start/start/CMakeFiles/CMakeTmp/cmTC_4164a
  /Users/joshuayingwhat/diy-x86os-master/start/start/CMakeFiles/CMakeTmp/Debug/cmTC_4164a
  /Users/joshuayingwhat/diy-x86os-master/start/start/CMakeFiles/CMakeTmp/Debug/cmTC_4164a.app/cmTC_4164a
  /Users/joshuayingwhat/diy-x86os-master/start/start/CMakeFiles/CMakeTmp/cmTC_4164a.app/cmTC_4164a
  /Users/joshuayingwhat/diy-x86os-master/start/start/CMakeFiles/CMakeTmp/Development/cmTC_4164a


