The system is: Darwin - 21.4.0 - x86_64
Compiling the C compiler identification source file "CMakeCCompilerId.c" succeeded.
Compiler: /usr/local/bin/x86_64-elf-gcc 
Build flags: -g;-c;-O0;-m32;-fno-pie;-fno-stack-protector;-fno-asynchronous-unwind-tables
Id flags:  

The output was:
0


Compilation of the C compiler identification source "CMakeCCompilerId.c" produced "CMakeCCompilerId.o"

The C compiler identification is GNU, found in "/Users/joshuayingwhat/diy-x86os-master/start/start/CMakeFiles/3.20.0/CompilerIdC/CMakeCCompilerId.o"

Determining if the C compiler works passed with the following output:
Change Dir: /Users/joshuayingwhat/diy-x86os-master/start/start/CMakeFiles/CMakeTmp

Run Build Command(s):/usr/bin/make -f Makefile cmTC_01591/fast && /Applications/Xcode.app/Contents/Developer/usr/bin/make  -f CMakeFiles/cmTC_01591.dir/build.make CMakeFiles/cmTC_01591.dir/build
Building C object CMakeFiles/cmTC_01591.dir/testCCompiler.c.o
/usr/local/bin/x86_64-elf-gcc   -g -c -O0 -m32 -fno-pie -fno-stack-protector -fno-asynchronous-unwind-tables  -isysroot /Applications/Xcode.app/Contents/Developer/Platforms/MacOSX.platform/Developer/SDKs/MacOSX12.0.sdk -o CMakeFiles/cmTC_01591.dir/testCCompiler.c.o -c /Users/joshuayingwhat/diy-x86os-master/start/start/CMakeFiles/CMakeTmp/testCCompiler.c
Linking C executable cmTC_01591
/Applications/CMake.app/Contents/bin/cmake -E cmake_link_script CMakeFiles/cmTC_01591.dir/link.txt --verbose=1
/usr/local/bin/x86_64-elf-gcc -g -c -O0 -m32 -fno-pie -fno-stack-protector -fno-asynchronous-unwind-tables  -isysroot /Applications/Xcode.app/Contents/Developer/Platforms/MacOSX.platform/Developer/SDKs/MacOSX12.0.sdk -Wl,-search_paths_first -Wl,-headerpad_max_install_names -L/usr/local/opt/ruby/lib  CMakeFiles/cmTC_01591.dir/testCCompiler.c.o -o cmTC_01591 
x86_64-elf-gcc: warning: CMakeFiles/cmTC_01591.dir/testCCompiler.c.o: linker input file unused because linking not done



Checking whether the ASM compiler is GNU using "--version" matched "(GNU assembler)|(GCC)|(Free Software Foundation)":
x86_64-elf-gcc (GCC) 13.1.0
Copyright (C) 2023 Free Software Foundation, Inc.
This is free software; see the source for copying conditions.  There is NO
warranty; not even for MERCHANTABILITY or FITNESS FOR A PARTICULAR PURPOSE.

